<?xml version="1.0" encoding="UTF-8"?>
<!-- Generated by org.testng.reporters.JUnitXMLReporter -->
<testsuite hostname="LAPTOP-T3C9NJIV" ignored="2" name="Test" tests="3" failures="1" timestamp="01 Feb 2020 05:29:35 GMT" time="63.105" errors="0">
  <testcase name="editLead" time="0.868" classname="com.leafBot.testcases.TC004_EditLead">
    <failure type="java.lang.NullPointerException">
      <![CDATA[java.lang.NullPointerException
at com.aventstack.extentreports.ExtentTest.log(ExtentTest.java:303)
at com.aventstack.extentreports.ExtentTest.pass(ExtentTest.java:524)
at utils.Reporter.reportStep(Reporter.java:57)
at utils.Reporter.reportStep(Reporter.java:64)
at com.leafBot.selenium.api.base.SeleniumBase.clearAndType(SeleniumBase.java:91)
at com.leafBot.pages.LoginPage.enterUserName(LoginPage.java:41)
at com.leafBot.testcases.TC004_EditLead.editLead(TC004_EditLead.java:27)
at java.util.concurrent.ThreadPoolExecutor.runWorker(Unknown Source)
at java.util.concurrent.ThreadPoolExecutor$Worker.run(Unknown Source)
at java.lang.Thread.run(Unknown Source)
... Removed 10 stack frames]]>
    </failure>
  </testcase> <!-- editLead -->
  <testcase name="createLead" time="16.396" classname="com.leafBot.testcases.TC003_CreateLead"/>
  <testcase name="createLead" time="15.401" classname="com.leafBot.testcases.TC003_CreateLead"/>
  <testcase name="@AfterSuite stopReport" time="0.0" classname="utils.Reporter">
    <ignored/>
  </testcase> <!-- @AfterSuite stopReport -->
  <testcase name="@BeforeSuite startReport" time="0.0" classname="utils.Reporter">
    <ignored/>
  </testcase> <!-- @BeforeSuite startReport -->
</testsuite> <!-- Test -->
